<?xml version="1.0" encoding="UTF-8"?>
<testsuite xmlns:xsi="http://www.w3.org/2001/XMLSchema-instance" xsi:noNamespaceSchemaLocation="https://maven.apache.org/surefire/maven-surefire-plugin/xsd/surefire-test-report-3.0.xsd" version="3.0" name="PandasTest" time="0.007" tests="7" errors="0" skipped="0" failures="0">
  <properties>
[...]
</properties>
  <testcase name="testSetAndGetZoo" classname="PandasTest" time="0.001">
    <system-out><![CDATA[BeforeEach is running...
]]></system-out>
  </testcase>
  <testcase name="testGetName" classname="PandasTest" time="0">
    <system-out><![CDATA[BeforeEach is running...
]]></system-out>
  </testcase>
  <testcase name="testPandaIsHungry" classname="PandasTest" time="0.001">
    <system-out><![CDATA[BeforeEach is running...
LingLing is eating bamboo.
]]></system-out>
  </testcase>
  <testcase name="testGetAge" classname="PandasTest" time="0.001">
    <system-out><![CDATA[BeforeEach is running...
]]></system-out>
  </testcase>
  <testcase name="testSetName" classname="PandasTest" time="0.001">
    <system-out><![CDATA[BeforeEach is running...
]]></system-out>
  </testcase>
  <testcase name="testSetAge" classname="PandasTest" time="0">
    <system-out><![CDATA[BeforeEach is running...
]]></system-out>
  </testcase>
  <testcase name="testMakeSound" classname="PandasTest" time="0">
    <system-out><![CDATA[BeforeEach is running...
]]></system-out>
  </testcase>
</testsuite>